Successfully connected to Reddit.
Successfully connected to database.
Processing /u/Coup_de_BOO...
Processed 94 comment(s) and 1 submission(s) after 336.91635298728943...
Processed 94 comment(s) and 1 submission(s) after 412.23881554603577...
Processing /u/xkontemplatex...
Processed 180 comment(s) and 1 submission(s) after 827.6114332675934...
Processed 180 comment(s) and 1 submission(s) after 847.5418350696564...
Processing /u/appledude9...
Processed 294 comment(s) and 2 submission(s) after 1120.3064713478088...
Processed 294 comment(s) and 2 submission(s) after 1195.2621519565582...
Processing /u/BelmontZiimon...
Processed 372 comment(s) and 6 submission(s) after 1461.4080514907837...
Processed 372 comment(s) and 7 submission(s) after 1536.9034175872803...
Processing /u/rightbro...
Processed 446 comment(s) and 7 submission(s) after 1802.4650032520294...
Processed 446 comment(s) and 7 submission(s) after 1809.3384265899658...
Processing /u/GrafitesPL...
Processed 466 comment(s) and 7 submission(s) after 1896.7698266506195...
Processed 466 comment(s) and 7 submission(s) after 1898.024964094162...
Processing /u/willywonka159...
Processed 594 comment(s) and 7 submission(s) after 2196.699840784073...
Processed 594 comment(s) and 7 submission(s) after 2271.8226227760315...
Processing /u/parrotforpresident...
Processed 684 comment(s) and 7 submission(s) after 2571.8790950775146...
Processed 684 comment(s) and 7 submission(s) after 2646.919187784195...
Processing /u/D3adOnArrival...
Processed 748 comment(s) and 7 submission(s) after 2933.3458375930786...
Processed 748 comment(s) and 7 submission(s) after 2950.1991839408875...
Processing /u/poopnuts...
Processed 826 comment(s) and 7 submission(s) after 3285.255504131317...
Processed 826 comment(s) and 7 submission(s) after 3330.725400209427...
Processing /u/Thotaz...
Processed 914 comment(s) and 9 submission(s) after 3569.70046043396...
Processed 914 comment(s) and 9 submission(s) after 3645.4082074165344...
Processing /u/muyfeo...
Processed 980 comment(s) and 9 submission(s) after 3895.415613412857...
Processed 980 comment(s) and 9 submission(s) after 3932.9660482406616...
Processing /u/blast73...
Processed 1062 comment(s) and 9 submission(s) after 4216.368663072586...
Processed 1062 comment(s) and 9 submission(s) after 4269.661459207535...
Processing /u/BBQ_HaX0r...
Processed 1152 comment(s) and 17 submission(s) after 4637.6065373420715...
Processed 1152 comment(s) and 17 submission(s) after 4713.500286579132...
Processing /u/Intense_introvert...
Successfully connected to Reddit.
Successfully connected to database.
Processing /u/Intense_introvert...
Processed 2 comment(s) and 0 submission(s) after 293.5574848651886...
Processed 2 comment(s) and 0 submission(s) after 365.5033838748932...
Processing /u/Highskore...
Processed 70 comment(s) and 0 submission(s) after 641.8114085197449...
Processed 70 comment(s) and 0 submission(s) after 712.7627196311951...
Processing /u/stevedpirate...
Processed 152 comment(s) and 0 submission(s) after 1024.376963376999...
Processed 152 comment(s) and 0 submission(s) after 1089.038780450821...
Processing /u/fatzombie88...
Processed 226 comment(s) and 1 submission(s) after 1342.1758410930634...
Processed 226 comment(s) and 1 submission(s) after 1415.149570941925...
Processing /u/Salvyana420tr...
Successfully connected to Reddit.
Successfully connected to database.
Processing /u/Intense_introvert...
Processed 100 comment(s) and 100 submission(s) after 186.021790266037...
Stored 0 comment(s) and 0 submission(s) after 186.02197313308716...
Processed 100 comment(s) and 200 submission(s) after 223.08083295822144...
Stored 0 comment(s) and 0 submission(s) after 223.080992937088...
Processing /u/Highskore...
Processed 200 comment(s) and 300 submission(s) after 389.30768609046936...
Stored 0 comment(s) and 0 submission(s) after 389.3078465461731...
Processed 200 comment(s) and 400 submission(s) after 425.8189492225647...
Stored 0 comment(s) and 0 submission(s) after 425.81911611557007...
Processing /u/stevedpirate...
Processed 300 comment(s) and 500 submission(s) after 637.9786944389343...
Stored 0 comment(s) and 0 submission(s) after 637.9788687229156...
Processed 300 comment(s) and 590 submission(s) after 670.7513492107391...
Stored 0 comment(s) and 0 submission(s) after 670.7515919208527...
Processing /u/fatzombie88...
Processed 400 comment(s) and 690 submission(s) after 823.4044024944305...
Stored 0 comment(s) and 0 submission(s) after 823.4045562744141...
Processed 400 comment(s) and 790 submission(s) after 860.3601903915405...
Stored 0 comment(s) and 1 submission(s) after 860.3603558540344...
Processing /u/Salvyana420tr...
Processed 519 comment(s) and 890 submission(s) after 1070.367104768753...
Stored 19 comment(s) and 1 submission(s) after 1070.367256641388...
Processed 519 comment(s) and 940 submission(s) after 1089.3606758117676...
Stored 19 comment(s) and 1 submission(s) after 1089.3609256744385...
Processing /u/OhTheStatic...
Processed 668 comment(s) and 1040 submission(s) after 1272.3065388202667...
Stored 68 comment(s) and 1 submission(s) after 1272.3067207336426...
Processed 668 comment(s) and 1140 submission(s) after 1310.7697360515594...
Stored 68 comment(s) and 1 submission(s) after 1310.7699298858643...
Processing /u/Thorisgodpoo...
Processed 808 comment(s) and 1240 submission(s) after 1443.8193423748016...
Stored 108 comment(s) and 7 submission(s) after 1443.8195629119873...
Processed 808 comment(s) and 1284 submission(s) after 1460.659415960312...
Stored 108 comment(s) and 7 submission(s) after 1460.6595795154572...
Processing /u/TenTonApe...
Processed 974 comment(s) and 1384 submission(s) after 1651.5878324508667...
Stored 174 comment(s) and 12 submission(s) after 1651.5880093574524...
Processed 974 comment(s) and 1455 submission(s) after 1677.660787820816...
Stored 174 comment(s) and 12 submission(s) after 1677.6609454154968...
Processing /u/pear120...
Processed 1108 comment(s) and 1555 submission(s) after 1804.7130506038666...
Stored 208 comment(s) and 15 submission(s) after 1804.713212966919...
Processed 1108 comment(s) and 1577 submission(s) after 1812.936586856842...
Stored 208 comment(s) and 15 submission(s) after 1812.9367542266846...
Processing /u/EpicGoats...
Processed 1252 comment(s) and 1677 submission(s) after 2009.5281910896301...
Stored 252 comment(s) and 15 submission(s) after 2009.5292518138885...
Processed 1252 comment(s) and 1777 submission(s) after 2046.4460096359253...
Stored 252 comment(s) and 15 submission(s) after 2046.4461698532104...
Processing /u/gamerfiiend...
Processed 1378 comment(s) and 1877 submission(s) after 2177.2874512672424...
Stored 278 comment(s) and 17 submission(s) after 2177.2876121997833...
Processed 1378 comment(s) and 1977 submission(s) after 2214.6386659145355...
Stored 278 comment(s) and 17 submission(s) after 2214.6388261318207...
Processing /u/kjm1123490...
Processed 1549 comment(s) and 2077 submission(s) after 2512.191794395447...
Stored 349 comment(s) and 22 submission(s) after 2512.1920528411865...
Processed 1549 comment(s) and 2106 submission(s) after 2522.907944202423...
Stored 349 comment(s) and 22 submission(s) after 2522.9080975055695...
Processing /u/bluedrygrass...
Processed 1696 comment(s) and 2206 submission(s) after 2766.234902858734...
Stored 396 comment(s) and 31 submission(s) after 2766.2351768016815...
Processed 1696 comment(s) and 2217 submission(s) after 2770.390536546707...
Stored 396 comment(s) and 31 submission(s) after 2770.390708208084...
Processing /u/carka684...
Processed 1821 comment(s) and 2317 submission(s) after 2929.5378909111023...
Stored 421 comment(s) and 31 submission(s) after 2929.5381281375885...
Processed 1821 comment(s) and 2335 submission(s) after 2936.5301637649536...
Stored 421 comment(s) and 31 submission(s) after 2936.530359506607...
Processing /u/PvtSherlockObvious...
Processed 1980 comment(s) and 2435 submission(s) after 3159.975331544876...
Stored 480 comment(s) and 35 submission(s) after 3159.9754841327667...
Processed 1980 comment(s) and 2535 submission(s) after 3197.3993051052094...
Stored 480 comment(s) and 35 submission(s) after 3197.3994636535645...
Processing /u/BigG_23...
Processed 2107 comment(s) and 2624 submission(s) after 3384.998288631439...
Stored 518 comment(s) and 35 submission(s) after 3384.9984498023987...
Processed 2107 comment(s) and 2633 submission(s) after 3388.3928170204163...
Stored 518 comment(s) and 35 submission(s) after 3388.392972946167...
Processing /u/Spitzkopf...
Processed 2247 comment(s) and 2733 submission(s) after 3521.536423921585...
Stored 558 comment(s) and 35 submission(s) after 3521.536600828171...
Processed 2247 comment(s) and 2786 submission(s) after 3541.484234571457...
Stored 558 comment(s) and 35 submission(s) after 3541.484397649765...
Processing /u/Dorick...
Processed 2408 comment(s) and 2886 submission(s) after 3686.23215341568...
Stored 619 comment(s) and 35 submission(s) after 3686.232318878174...
Processed 2408 comment(s) and 2896 submission(s) after 3689.9779419898987...
Stored 619 comment(s) and 35 submission(s) after 3689.9781646728516...
Processing /u/TofuZombie92...
Processed 2524 comment(s) and 2996 submission(s) after 3879.146522283554...
Stored 635 comment(s) and 35 submission(s) after 3879.14670753479...
Processed 2524 comment(s) and 3096 submission(s) after 3915.7829184532166...
Stored 635 comment(s) and 35 submission(s) after 3915.7830798625946...
Processing /u/wodahSShadow...
Processed 2693 comment(s) and 3196 submission(s) after 4191.2483253479...
Stored 704 comment(s) and 35 submission(s) after 4191.248548746109...
Processed 2693 comment(s) and 3199 submission(s) after 4192.450283288956...
Stored 704 comment(s) and 35 submission(s) after 4192.450445175171...
Processing /u/greedyiguana...
Processed 2828 comment(s) and 3299 submission(s) after 4393.0344414711...
Stored 739 comment(s) and 38 submission(s) after 4393.034577131271...
Processed 2828 comment(s) and 3399 submission(s) after 4430.211388349533...
Stored 739 comment(s) and 38 submission(s) after 4430.214363336563...
Processing /u/CthulhusMonocle...
Processed 2970 comment(s) and 3499 submission(s) after 4575.441210508347...
Stored 781 comment(s) and 38 submission(s) after 4575.441381216049...
Processed 2970 comment(s) and 3599 submission(s) after 4612.8100328445435...
Stored 781 comment(s) and 38 submission(s) after 4612.810193061829...
Processing /u/Rupoe...
Processed 3094 comment(s) and 3699 submission(s) after 4754.99514746666...
Stored 805 comment(s) and 40 submission(s) after 4754.995307922363...
Processed 3094 comment(s) and 3781 submission(s) after 4785.104378700256...
Stored 805 comment(s) and 40 submission(s) after 4785.104552984238...
Processing /u/kyleisthestig...
Processed 3244 comment(s) and 3881 submission(s) after 5061.2709176540375...
Stored 855 comment(s) and 40 submission(s) after 5061.272919416428...
Processed 3244 comment(s) and 3981 submission(s) after 5098.96489071846...
Stored 855 comment(s) and 40 submission(s) after 5098.965033531189...
Processing /u/Sevryn08...
Processed 3394 comment(s) and 4081 submission(s) after 5350.918718099594...
Stored 905 comment(s) and 40 submission(s) after 5350.918884277344...
Processed 3394 comment(s) and 4122 submission(s) after 5366.093950271606...
Stored 905 comment(s) and 40 submission(s) after 5366.094126224518...
Processing /u/Joxxill...
Processed 3534 comment(s) and 4222 submission(s) after 5526.989172935486...
Stored 945 comment(s) and 43 submission(s) after 5526.989343881607...
Processed 3534 comment(s) and 4322 submission(s) after 5563.9958963394165...
Stored 945 comment(s) and 43 submission(s) after 5563.996043920517...
Processing /u/magmabrew...
Processed 3719 comment(s) and 4422 submission(s) after 5905.344242572784...
Stored 1030 comment(s) and 43 submission(s) after 5905.344460010529...
Processed 3719 comment(s) and 4423 submission(s) after 5905.806314468384...
Stored 1030 comment(s) and 43 submission(s) after 5905.806461811066...
Processing /u/masterventris...
Processed 3848 comment(s) and 4523 submission(s) after 6081.3480660915375...
Stored 1059 comment(s) and 43 submission(s) after 6081.348271846771...
Processed 3848 comment(s) and 4570 submission(s) after 6098.761755228043...
Stored 1059 comment(s) and 43 submission(s) after 6098.761905670166...
Processing /u/Rhilis...
Processed 4000 comment(s) and 4670 submission(s) after 6283.473826169968...
Stored 1111 comment(s) and 44 submission(s) after 6283.4739990234375...
Processed 4000 comment(s) and 4708 submission(s) after 6297.431794881821...
Stored 1111 comment(s) and 44 submission(s) after 6297.432403087616...
Processing /u/kjtest21...
Processed 4183 comment(s) and 4808 submission(s) after 6680.413317680359...
Stored 1194 comment(s) and 44 submission(s) after 6680.4135410785675...
Processed 4183 comment(s) and 4877 submission(s) after 6705.731435775757...
Stored 1194 comment(s) and 44 submission(s) after 6705.731605529785...
Processing /u/shockfyre227...
Processed 4315 comment(s) and 4977 submission(s) after 6884.366220712662...
Stored 1226 comment(s) and 45 submission(s) after 6884.366430521011...
Processed 4315 comment(s) and 5077 submission(s) after 6921.714081525803...
Stored 1226 comment(s) and 45 submission(s) after 6921.714244842529...
Processing /u/Percussionist61...
Processed 4446 comment(s) and 5177 submission(s) after 7134.224615812302...
Stored 1257 comment(s) and 45 submission(s) after 7134.224834680557...
Processed 4446 comment(s) and 5214 submission(s) after 7147.9629027843475...
Stored 1257 comment(s) and 45 submission(s) after 7147.9630517959595...
Processing /u/colorhaze...
Processed 4582 comment(s) and 5314 submission(s) after 7319.086874246597...
Stored 1293 comment(s) and 45 submission(s) after 7319.087047100067...
Processed 4582 comment(s) and 5414 submission(s) after 7355.770753145218...
Stored 1293 comment(s) and 45 submission(s) after 7355.770926237106...
Processing /u/enfdude...
Processed 4689 comment(s) and 5514 submission(s) after 7503.511595010757...
Stored 1300 comment(s) and 45 submission(s) after 7503.511780261993...
Processed 4689 comment(s) and 5614 submission(s) after 7540.595746517181...
Stored 1300 comment(s) and 45 submission(s) after 7540.595904588699...
Processing /u/SmartestMagikarp...
Processed 4818 comment(s) and 5714 submission(s) after 7692.332225084305...
Stored 1329 comment(s) and 45 submission(s) after 7692.332412958145...
Processed 4818 comment(s) and 5814 submission(s) after 7729.448133230209...
Stored 1329 comment(s) and 45 submission(s) after 7730.992013216019...
Processing /u/Miguli...
Processed 4933 comment(s) and 5914 submission(s) after 7884.230856657028...
Stored 1344 comment(s) and 46 submission(s) after 7884.231049537659...
Processed 4933 comment(s) and 6014 submission(s) after 7921.355025053024...
Stored 1344 comment(s) and 46 submission(s) after 7921.355254650116...
Processing /u/Akesgeroth...
Processed 5061 comment(s) and 6114 submission(s) after 8088.332458019257...
Stored 1372 comment(s) and 52 submission(s) after 8088.332628250122...
Processed 5061 comment(s) and 6214 submission(s) after 8125.846826314926...
Stored 1372 comment(s) and 52 submission(s) after 8125.847117900848...
Processing /u/Junkshop23...
Processed 5203 comment(s) and 6314 submission(s) after 8297.270987510681...
Stored 1414 comment(s) and 52 submission(s) after 8297.271184682846...
Processed 5203 comment(s) and 6414 submission(s) after 8334.429080486298...
Stored 1414 comment(s) and 52 submission(s) after 8334.42924785614...
Processing /u/CodicusX...
Processed 5366 comment(s) and 6514 submission(s) after 8581.067037343979...
Stored 1477 comment(s) and 52 submission(s) after 8581.06727552414...
Processed 5366 comment(s) and 6518 submission(s) after 8582.646407365799...
Stored 1477 comment(s) and 52 submission(s) after 8582.716026067734...
Processing /u/d3athcricket...
Processed 5537 comment(s) and 6618 submission(s) after 8768.687989473343...
Stored 1548 comment(s) and 52 submission(s) after 8768.688132047653...
Processed 5537 comment(s) and 6718 submission(s) after 8806.305268764496...
Stored 1548 comment(s) and 52 submission(s) after 8806.305421590805...
Processing /u/rokuterra...
Processed 5674 comment(s) and 6818 submission(s) after 8957.198606491089...
Stored 1585 comment(s) and 52 submission(s) after 8957.19877076149...
Processed 5674 comment(s) and 6901 submission(s) after 8988.833659648895...
Stored 1585 comment(s) and 52 submission(s) after 8988.833831071854...
Processing /u/RustyCuntBuckets...
Processed 5823 comment(s) and 7001 submission(s) after 9253.469048500061...
Stored 1634 comment(s) and 52 submission(s) after 9253.47107744217...
Processed 5823 comment(s) and 7004 submission(s) after 9254.655491352081...
Stored 1634 comment(s) and 52 submission(s) after 9254.655644655228...
Processing /u/thefonztm...
Processed 5972 comment(s) and 7104 submission(s) after 9432.373051404953...
Stored 1683 comment(s) and 53 submission(s) after 9432.373210668564...
Processed 5972 comment(s) and 7204 submission(s) after 9469.821535348892...
Stored 1683 comment(s) and 53 submission(s) after 9469.82171678543...
Processing /u/samtheboy...
Processed 6151 comment(s) and 7304 submission(s) after 9822.2528591156...
Stored 1762 comment(s) and 53 submission(s) after 9822.424699783325...
Processed 6151 comment(s) and 7404 submission(s) after 9859.389706373215...
Stored 1762 comment(s) and 53 submission(s) after 9859.389887809753...
Processing /u/DrAlcoholocaust...
Processed 6337 comment(s) and 7504 submission(s) after 10118.483857870102...
Stored 1848 comment(s) and 101 submission(s) after 10118.48403429985...
Processed 6337 comment(s) and 7604 submission(s) after 10155.751843690872...
Stored 1848 comment(s) and 101 submission(s) after 10155.75199842453...
Processing /u/Zorak6...
Processed 6537 comment(s) and 7704 submission(s) after 10280.514769554138...
Stored 1948 comment(s) and 173 submission(s) after 10280.514934301376...
Processed 6537 comment(s) and 7804 submission(s) after 10317.96315741539...
Stored 1948 comment(s) and 209 submission(s) after 10317.963322639465...
Processing /u/zoltan99...
Processed 6737 comment(s) and 7904 submission(s) after 10488.992839097977...
Stored 2048 comment(s) and 275 submission(s) after 10488.993000507355...
Processed 6737 comment(s) and 7911 submission(s) after 10491.652080535889...
Stored 2048 comment(s) and 279 submission(s) after 10491.65223646164...
Processing /u/Badpeacedk...
Processed 6937 comment(s) and 8011 submission(s) after 10697.098198890686...
Stored 2148 comment(s) and 335 submission(s) after 10697.098376512527...
Processed 6937 comment(s) and 8070 submission(s) after 10719.321796655655...
Stored 2148 comment(s) and 355 submission(s) after 10719.321952342987...
Processing /u/Viper3D...
Processed 7137 comment(s) and 8170 submission(s) after 10903.680223464966...
Stored 2248 comment(s) and 434 submission(s) after 10903.680391550064...
Processed 7137 comment(s) and 8270 submission(s) after 10940.651287078857...
Stored 2248 comment(s) and 506 submission(s) after 10940.651454687119...
Processing /u/Bifrost51...
Processed 7337 comment(s) and 8370 submission(s) after 11119.04824256897...
Stored 2348 comment(s) and 558 submission(s) after 11119.048405885696...
Processed 7337 comment(s) and 8407 submission(s) after 11132.716530323029...
Stored 2348 comment(s) and 569 submission(s) after 11132.716694831848...
Processing /u/yelkca...
Processed 7537 comment(s) and 8507 submission(s) after 11416.208850383759...
Stored 2448 comment(s) and 634 submission(s) after 11416.209038734436...
Processed 7537 comment(s) and 8607 submission(s) after 11455.42798113823...
Stored 2448 comment(s) and 703 submission(s) after 11455.42876458168...
Processing /u/theCaptain_D...
