Successfully connected to Reddit.
Successfully connected to database.
Processing /u/aytimothy...
Successfully connected to Reddit.
Successfully connected to database.
Processing /u/jacksalssome...
Found new user /u/Ligaco
Found new user /u/jacksalssome
Found new user /u/pielover88888
Found new user /u/J-DawgDBZ
Processed 1 submission(s) and 5 comment(s).
Processed 2 submission(s) and 11 comment(s).
Processed 3 submission(s) and 11 comment(s).
Processed 4 submission(s) and 11 comment(s).
Processed 5 submission(s) and 12 comment(s).
Processed 6 submission(s) and 12 comment(s).
Successfully connected to Reddit.
Successfully connected to Reddit.
Successfully connected to database.
Processing /u/aytimothy...
Found new user /u/aytimothy
Found new user /u/jacksalssome
Processed 1 submission(s) and 2 comment(s).
Processed 2 submission(s) and 3 comment(s).
Found new user /u/explicitlarynx
Found new user /u/AGuysBlues
Found new user /u/Here_comes_the_D
Found new user /u/Toxicitor
Found new user /u/TheInternetCat
Found new user /u/d3photo
Found new user /u/SheeEttin
Found new user /u/SuckMyWifi
Processed 3 submission(s) and 12 comment(s).
Found new user /u/AsianChan
Found new user /u/cheeseisntdairy
Found new user /u/SupriseGinger
Processed 4 submission(s) and 17 comment(s).
Found new user /u/MrDaleks
Found new user /u/shimaaji
Found new user /u/ScoopDat
Found new user /u/sean8102
Found new user /u/zenthloc
Found new user /u/AllGamer
Found new user /u/Roastroach
Found new user /u/cteters
Found new user /u/mike43212
Found new user /u/DoubleStuffedCheezIt
Found new user /u/Dr_Midnight
Found new user /u/Evanuss
Found new user /u/AScottishCT
Found new user /u/chary5325
Found new user /u/shadydeath999
Found new user /u/max123246
Found new user /u/DaRandom
Found new user /u/sanxui
Found new user /u/penpen35
Found new user /u/Wertysd
Found new user /u/DerFelix
Found new user /u/androidguy52
Found new user /u/MartyMcFlergenheimer
Found new user /u/ZhalexDev
Found new user /u/NerJaro
Found new user /u/king_of_the_universe
Found new user /u/Jelman21
Found new user /u/DoYouLikeHurting
Found new user /u/jorgp2
Found new user /u/emilengler
Found new user /u/Drat333
Found new user /u/kizentheslayer
Found new user /u/Titobill
Found new user /u/DjScribbles
Found new user /u/Axanery
Found new user /u/Uberspank
Found new user /u/AvatarIII
Found new user /u/Knoffen
Found new user /u/Treyman1115
Found new user /u/linear214
Found new user /u/zRagingRabbit
Found new user /u/dafzor
Found new user /u/AdrianGraber
Found new user /u/ThePixelHunter
Found new user /u/King-Kamina
Found new user /u/XDRosenheim
Found new user /u/Evonos
Found new user /u/The_MAZZTer
Found new user /u/RCEdude
Found new user /u/npc_barney
Found new user /u/withmorten
Found new user /u/RoLoLoLoLo
Found new user /u/RectumPiercing
Found new user /u/daddyhughes111
Processed 5 submission(s) and 102 comment(s).
Found new user /u/CmasterC
Found new user /u/ThrowawayPervmaster
Processed 6 submission(s) and 105 comment(s).
Found new user /u/anonymousidiot397
Found new user /u/sunnymugs
Found new user /u/skyfishwalking
Found new user /u/Rekuve
Found new user /u/OriginalPostSearcher
Found new user /u/TheThirdSun
Found new user /u/D_S_W
Found new user /u/mynameisck
Found new user /u/Kyanar
Found new user /u/HMozaiq
Found new user /u/s13_eisbaer
Found new user /u/OccultBeanFarmer
Found new user /u/Gazza_s_89
Found new user /u/Winlast_94
Processed 7 submission(s) and 121 comment(s).
Processed 8 submission(s) and 124 comment(s).
Found new user /u/XM0X
Found new user /u/ZKTurtle
Found new user /u/butterprime
Found new user /u/Dak_N_Jaxter
Found new user /u/ByahTyler
Found new user /u/Exiana
Found new user /u/Andrew_Parkinson
Found new user /u/Blitzmon
Found new user /u/inhaledcorn
Found new user /u/matiasgee
Found new user /u/d3ku5crub
Processed 9 submission(s) and 136 comment(s).
Processed 10 submission(s) and 136 comment(s).
Processed 11 submission(s) and 136 comment(s).
Processed 12 submission(s) and 136 comment(s).
Processed 13 submission(s) and 136 comment(s).
Processed 14 submission(s) and 137 comment(s).
Processed 15 submission(s) and 137 comment(s).
Found new user /u/CredoBot
Found new user /u/PorkHopz
Found new user /u/timezone_bot
Found new user /u/GR8R8M869
Found new user /u/adigallo
Found new user /u/adann62
Found new user /u/ayrexxxx
Processed 16 submission(s) and 155 comment(s).
Found new user /u/genericdeveloper
Found new user /u/kettu3
Found new user /u/RenaKunisaki
Found new user /u/OmniRise
Found new user /u/PopLadd
Found new user /u/Latratus
Processed 17 submission(s) and 168 comment(s).
Found new user /u/brickfrog2
Found new user /u/chickenfootcharlie
Processed 18 submission(s) and 171 comment(s).
Found new user /u/Asmor
Found new user /u/elkemosabe
Found new user /u/Womboy
Found new user /u/krentenmik
Found new user /u/makesmewannacuack
Found new user /u/Mandrake158
Found new user /u/BrandeX
Found new user /u/lith13
Found new user /u/ayeroflmao
Found new user /u/infamousjeremy
Found new user /u/Hintswen
Found new user /u/otto251
Found new user /u/jojo_31
Found new user /u/addywampi
Found new user /u/Batwaffel
Found new user /u/Wulf715
Found new user /u/IMakeRolls
Found new user /u/lonelynightm
Found new user /u/apriarcy
Found new user /u/notinventoryhelper
Found new user /u/_F1GHT3R_
Found new user /u/imoblivioustothis
Found new user /u/greenking2000
Found new user /u/BranchySaturn28
Found new user /u/Jethrain
Found new user /u/cylindrical418
Found new user /u/gapinghawsehole
Found new user /u/icantshoot
Found new user /u/jonnywoh
Found new user /u/R6T9
Found new user /u/Szymas255
Found new user /u/stairmast0r
Found new user /u/K0il
Found new user /u/la2eee
Found new user /u/Cyno01
Found new user /u/MinecraftNightcrawle
Found new user /u/ScionoicS
Found new user /u/RedditPua
Found new user /u/Kazedeus
Found new user /u/BlueLegion
Found new user /u/ComputerJerk
Found new user /u/KungFuKubrick
Found new user /u/bucksnort2
Found new user /u/darkstar3333
Found new user /u/Radulno
Found new user /u/sillibird
Found new user /u/Kyaviger
Found new user /u/RemtonJDulyak
Found new user /u/xylotism
Found new user /u/sevenmarc
Found new user /u/Leonid198c
Found new user /u/RemindMeBot
Found new user /u/ComplainyGuy
Found new user /u/lolporkfish
Processed 19 submission(s) and 262 comment(s).
Processed 20 submission(s) and 262 comment(s).
Processed 21 submission(s) and 262 comment(s).
Processed 22 submission(s) and 277 comment(s).
Found new user /u/zeebyPL
Found new user /u/ephemeral-person
Found new user /u/badgerdance
Found new user /u/Danpannine
Found new user /u/userax
Found new user /u/supe3rnova
Found new user /u/Darkiceflame
Found new user /u/red_fluff_dragon
Found new user /u/Jake1702_
Processed 23 submission(s) and 292 comment(s).
Processed 24 submission(s) and 292 comment(s).
Found new user /u/Myxas_
Found new user /u/PapiSekson
Processed 25 submission(s) and 295 comment(s).
Found new user /u/Can_I__
Found new user /u/1omegalul1
Processed 26 submission(s) and 300 comment(s).
Found new user /u/AutoModerator
Found new user /u/GCX_Bot
Processed 27 submission(s) and 304 comment(s).
Found new user /u/gabenika
Found new user /u/operaxxx
Found new user /u/AtlanticJack
Found new user /u/shrubbie01
Found new user /u/gemifrak
Found new user /u/tplgigo
Found new user /u/sadop222
Found new user /u/LilStalky
Found new user /u/Hairless_Human
Found new user /u/fernandoarauj
Found new user /u/DubbleYewGee
Found new user /u/liftern00b
Found new user /u/RedstonekPL
Found new user /u/AlexxLopaztico02
Found new user /u/Adjudikated
Found new user /u/audigex
Found new user /u/wonkiealf
Found new user /u/nickdrones
Found new user /u/Beirbones
Found new user /u/surreel
Found new user /u/XAWEvX
Found new user /u/interstate-15
Found new user /u/amrinderghumman
Found new user /u/eherberg
Found new user /u/Rylock
Found new user /u/AgreeablePossible
Found new user /u/Acidikal
Processed 28 submission(s) and 340 comment(s).
Found new user /u/crono731
Found new user /u/Brofessor_brotonium
Found new user /u/ubergeek77
Processed 29 submission(s) and 344 comment(s).
Found new user /u/Schmuckarella
Found new user /u/TheMinimob
Found new user /u/im_wabbit_hunting
Found new user /u/urmommagaye
Found new user /u/Fapple_Jackity
Found new user /u/anaymakan
Found new user /u/PurgatoryGFX
Found new user /u/yonatan8070
Found new user /u/Jordcore
Found new user /u/deliteplays
Processed 30 submission(s) and 357 comment(s).
Found new user /u/Swastik496
Found new user /u/applecory25
Found new user /u/nevadarain
Found new user /u/Vlothx
Found new user /u/redditisnowtwitter
Found new user /u/Dr_Despacito
Found new user /u/Schuhsohle
Found new user /u/paulanerspezi
Found new user /u/xpst500
Processed 31 submission(s) and 386 comment(s).
Found new user /u/quantilian
Found new user /u/lurkmode_off
Found new user /u/Seabornebook
Found new user /u/TrepanationBy45
Found new user /u/Diedead666
Found new user /u/howdujudu
Found new user /u/Sebaren
Found new user /u/shmeetard
Found new user /u/Zerker10111
Found new user /u/GatorRo11
Found new user /u/Anna-Smegmanova
Found new user /u/NyarlathotepKing
Found new user /u/ww2colorizations
Found new user /u/MixSaffron
Found new user /u/tralphaz43
Found new user /u/hunnybunchesoflove
Found new user /u/youngspartan301
Found new user /u/GunsDontCry
Found new user /u/jackstine
Found new user /u/DinkleDonkerAAA
Found new user /u/Vincent-Van-Schnitze
Found new user /u/Aidenh015
Found new user /u/Thezombielord47
Found new user /u/ghostly5150
Found new user /u/vReddit_Player_Bot
Found new user /u/Ladie_Frankenstein
Found new user /u/making-it-count
Found new user /u/P-H-O-T-O-N
Found new user /u/tennalee
Found new user /u/RoldyBu
Found new user /u/Pommesyyy
Found new user /u/machingunwhhore
Found new user /u/Xaroxoandaxosbelly
Found new user /u/hawtfabio
Found new user /u/FishingManiac1128
Found new user /u/BousaroeBeau
Found new user /u/ThemuellerSCAM
Found new user /u/agree-with-you
Found new user /u/gravybanger
Found new user /u/stalka
Found new user /u/wiegleyj
Found new user /u/PantsAreOffensive
Found new user /u/CannibalCaramel
Found new user /u/Alterex
Found new user /u/Bubobubo22
Found new user /u/AnonymousPineapple5
Found new user /u/blatterbeast
Found new user /u/shneer4prez
Found new user /u/elbemaryam04
Found new user /u/M_Binks
Found new user /u/akroe
Found new user /u/XaroDuckSauce
Found new user /u/schudermcgavin
Found new user /u/arealhumannotabot
Found new user /u/Rea_lly
Found new user /u/l4dlouis
Found new user /u/Pyr0Sh4rk
Found new user /u/quangdog
Found new user /u/Nikkerloo
Found new user /u/akc1999
Found new user /u/vandesto17
Found new user /u/crackadeluxe
Found new user /u/domelition
Found new user /u/ComedicChaos
Found new user /u/garvap
Found new user /u/Inevitable_Paranoia
Found new user /u/alexmunse
Found new user /u/gianthooverpig
Found new user /u/Laexe
Found new user /u/selfindeguerande
Found new user /u/Shedding_microfiber
Found new user /u/_Gunga_Din_
Found new user /u/AESCharleston
Found new user /u/PokemonMaster619
Found new user /u/DirectlyTalkingToYou
Found new user /u/OneJealousGod
Found new user /u/Aznable420
Found new user /u/NayrbEroom
Found new user /u/Bomcom
Found new user /u/CRAZY_HOBO_AMA
Found new user /u/BetterOff_OnMyOwn
Found new user /u/redditwithafork
Found new user /u/Asdemyra
Found new user /u/letmeseeantipozi
Found new user /u/thoramighty
Found new user /u/159258357456
Found new user /u/IHaTeD2
Found new user /u/BroadwayJoe
Found new user /u/Dushenka
Found new user /u/NightofTheLivingZed
Found new user /u/pizzalikeus
Found new user /u/Badpeacedk
Found new user /u/HitMePat
Found new user /u/gunnar1313
Found new user /u/GBACHO
Found new user /u/roaragami
Found new user /u/wingingitweekly
Found new user /u/Echospite
Found new user /u/Raudskeggr
Found new user /u/PM_ME_UR_TRAINS
Found new user /u/FreshSqueezedSquid
Found new user /u/Sterttz
Found new user /u/Zenshin_Rio
Found new user /u/OneMoreSoul
Found new user /u/Thatmite
Found new user /u/whatsintheboxxx
Found new user /u/MarkTwainsPainTrains
Found new user /u/ReallyQuiteDirty
Found new user /u/subtle_af
Found new user /u/Font-chan
Found new user /u/randypriest
Found new user /u/freak47
Found new user /u/cjgroveuk
Processed 32 submission(s) and 522 comment(s).
Found new user /u/Baronarnaud1995
Found new user /u/MarcsterS
Found new user /u/PrimitiveRex
Processed 33 submission(s) and 526 comment(s).
Found new user /u/TSWkelbris
Found new user /u/Rush_B_Blyat
Found new user /u/5enpaisama
Processed 34 submission(s) and 530 comment(s).
Processed 35 submission(s) and 531 comment(s).
Found new user /u/CHuCh0tHEDoG
Found new user /u/HXD-Inferno
Found new user /u/litterrabbit49
Found new user /u/KalebC4
Found new user /u/khairstoniii
Found new user /u/uNpIdo
Found new user /u/Gamer_Blood_Official
Found new user /u/Dany018
Found new user /u/dragonx89g
Found new user /u/Brawl_stars_fan_1
Found new user /u/XxFurious_GhostxX
Found new user /u/b_boland
Found new user /u/szumi-chan
Found new user /u/dr_dezzy6
Found new user /u/jamaisacow
Found new user /u/justdeede
Found new user /u/videoJustin2004
Found new user /u/JohnUnordinary
Found new user /u/carlButNice
Found new user /u/Jukebox-117
Found new user /u/Turtlez101
Found new user /u/JosephMajid
Found new user /u/ComboMontage
Found new user /u/brawl-hydrolocker11
Found new user /u/SkipperSW
Found new user /u/Thanos_infinity_gems
Found new user /u/saifmegalaa
Found new user /u/WOlegW
Found new user /u/ALostPaperBag
Found new user /u/EpicBoss_84
Found new user /u/LittleDudeBoi
Found new user /u/Vro_SusBoi
Found new user /u/BS_LilD
Found new user /u/Dante_ClashRoyale
Found new user /u/King-of-randoms
Found new user /u/yeetman908
Found new user /u/ColinButBetter
Found new user /u/Doggywoofles
Found new user /u/real_trashyy
Found new user /u/ItZ-Yo-BoI-MaRkOs
Found new user /u/mrmundee
Found new user /u/andres2017913
Found new user /u/Kuzy92
Found new user /u/mattvey
Found new user /u/halimzrelli
Found new user /u/BassLegende2
Found new user /u/Milton7678
Found new user /u/Dkpro12345
Found new user /u/Bryan_Lokao
Found new user /u/Greatsterz
Found new user /u/Gusa234
Found new user /u/The_Better_Jessie
Found new user /u/maxbossbs
Found new user /u/NewbieNobby
Found new user /u/este21
Found new user /u/JMR1221
Found new user /u/3Llamass
Found new user /u/low_quality-art
Found new user /u/Poxeh_YT
Found new user /u/xJAPst3r
Found new user /u/m77777
Found new user /u/exoticmelonwoomy
Found new user /u/tulga0202
Found new user /u/xXTwizzyXx
Found new user /u/AliAlhakeem
Found new user /u/achillesRising
Found new user /u/Tek848688
Found new user /u/MartPlayZzZ
Found new user /u/AlbertoGamezYT
Found new user /u/stalin8869
Found new user /u/BombSquadJohnny7
Found new user /u/UselessAssKoalaBear
Found new user /u/OurissinhuGames
Found new user /u/Ibobo_Potato
Found new user /u/YTDragonLord
Found new user /u/Snake54331
Found new user /u/ClOrOx_WiPeSss
Found new user /u/Ricky_RZ
Found new user /u/_BlackBile
Found new user /u/Gavyn1114
Found new user /u/Ronan946
Found new user /u/GoodMagicalM
Found new user /u/Jhenaro
Found new user /u/Galtiscor
Found new user /u/SolarFlareIsBestGirl
Found new user /u/Domvius_
Found new user /u/_P7_
Found new user /u/Chunky_Curry
Found new user /u/dumpling_darryl
Found new user /u/TreasureDragon
Found new user /u/BambaBaby1010
Found new user /u/Memedics
Found new user /u/Dejichazzman
Found new user /u/Bren12310
Found new user /u/itsjolt_
Found new user /u/quantumgravitee
Found new user /u/BlueCornMan
Found new user /u/FelTheTrainer
Found new user /u/Thomas500ml
Found new user /u/CoolDiamond164
Found new user /u/Sly_64
Found new user /u/BrawlStarz420
Found new user /u/Davidizaverage
Found new user /u/Blu3_Zer0
Found new user /u/LmaoYouGay16
Found new user /u/iDustYT
Found new user /u/RedditBluu
Found new user /u/Dinkleb0t
Found new user /u/Eltriux
Found new user /u/Donghoon
Found new user /u/sKiDaDLe007
Found new user /u/mexicothebeast
Found new user /u/Podosqui00
Found new user /u/Triangle164
Found new user /u/clauido_8769
Found new user /u/TheBigAsWhale
Found new user /u/UriZz03
Found new user /u/Waluigi_Wah_God
Found new user /u/HomicidalRobot
Found new user /u/DaPurpleDragon
Found new user /u/TheLegitThug
Found new user /u/Meza-Falcon
Found new user /u/AnonOSU
Found new user /u/DynaSaurz
Found new user /u/neko4205
Found new user /u/xxxDoritos_420xxx
Found new user /u/Gerbole
Found new user /u/PleeseDownvoteMe
Found new user /u/Tricky-Hunter
Found new user /u/TomDNC311003
Processed 36 submission(s) and 765 comment(s).
Found new user /u/jakekick1999
Found new user /u/J_r0en
Found new user /u/Razor7171
Found new user /u/enthusiastreader
Found new user /u/illusionnnn
Found new user /u/DustyPi
Found new user /u/nkonjicija
Found new user /u/J4wer
Found new user /u/nakrklej
Found new user /u/PuppyToes13
Found new user /u/fenix_L
Found new user /u/CleanFloor03
Found new user /u/Dominasty95
Found new user /u/heyzlol
Found new user /u/Fermentationist
Found new user /u/IMainCancer
Found new user /u/theomerman
Found new user /u/BKNorton3
Found new user /u/dlnvf6
Found new user /u/pokeplayer59
Found new user /u/nosoybigboy
Found new user /u/Rocket123123
Found new user /u/darkadamski1
Found new user /u/andrew1400
Found new user /u/BrockPlaysFortniteYT
Found new user /u/Easy_as_Py
Found new user /u/MasterMM23
Found new user /u/Havvkeye16
Found new user /u/youdz666
Found new user /u/Int0TheV0id
Found new user /u/xFrostBite89x
Found new user /u/Parker_Bruhns
Found new user /u/shmupius
Found new user /u/FCTropix
Found new user /u/Appollx
Found new user /u/xAnnalS0nde
Found new user /u/Echo006
Found new user /u/OGFRESH69
Found new user /u/gctan8
Found new user /u/evycrakh
Found new user /u/Johnjohnb4
Found new user /u/Hyosteveo
Found new user /u/TommieBS
Processed 37 submission(s) and 840 comment(s).
Found new user /u/naruto_nutty
Found new user /u/linearfamilytree
Found new user /u/GeicoPR
Found new user /u/ImAWeirdo333
Found new user /u/DiscordOfficialRep
Found new user /u/aspoels
Found new user /u/hurleyef
Found new user /u/terray8
Found new user /u/WhiteMilk_
Found new user /u/Poop_Barista
Found new user /u/InfinityEx6tenz
Found new user /u/General_Zarroff
Found new user /u/NPCtom
Found new user /u/BUD9855
Found new user /u/Moinul107
Found new user /u/Polylemongon
Found new user /u/ladyaribeth19
Found new user /u/tstd0
Found new user /u/rimazm
Found new user /u/MrGhost370
Found new user /u/Avenred
Found new user /u/the_jack_sparrow
Found new user /u/bigbohemoth
Found new user /u/Exanimem
Found new user /u/teno_
Found new user /u/p3numbra_3
Found new user /u/krazykarmaDog
Found new user /u/YouNeverWalkAlone
Found new user /u/TheSpecialistGuy
Found new user /u/Surpentstone
Found new user /u/nothin-to-live-for
Found new user /u/OriginalHonk
Found new user /u/Kermit2781
Found new user /u/normtendo64
Found new user /u/Imagopher
Processed 38 submission(s) and 903 comment(s).
Found new user /u/kpiaum
Found new user /u/Madtomato1
Found new user /u/Xeverous
Found new user /u/adamibalint
Found new user /u/Path_Of_Exiles
Found new user /u/pumaofshadow
Found new user /u/Surawr
Found new user /u/Nikeyla
Found new user /u/NotTheFirstPenguin
Found new user /u/simon7109
Found new user /u/Corsaer
Found new user /u/AciD3X
Found new user /u/AutoMatrixEH
Found new user /u/Pheser
Found new user /u/GloryOrValhalla
Found new user /u/Zeconation
Found new user /u/SoM6666
Found new user /u/IvonbetonPoE
Found new user /u/Laraelias
Found new user /u/CatOnProzac
Found new user /u/TritiumNZlol
Found new user /u/sg587565
Found new user /u/hiles_adam
Found new user /u/NG_Tagger
Found new user /u/labelbuddy
Found new user /u/Thotor
Found new user /u/opackersgo
Found new user /u/Moderator-Admin
Found new user /u/MrMurkin
Successfully connected to Reddit.
Successfully connected to database.
Processing /u/jacksalssome...
Processed 1 submission(s) and 5 comment(s).
Processed 2 submission(s) and 11 comment(s).
Processed 3 submission(s) and 11 comment(s).
Processed 4 submission(s) and 11 comment(s).
Processed 5 submission(s) and 12 comment(s).
Processed 6 submission(s) and 12 comment(s).
Processed 7 submission(s) and 25 comment(s).
Processed 8 submission(s) and 25 comment(s).
Processed 9 submission(s) and 30 comment(s).
Processed 10 submission(s) and 30 comment(s).
Processed 11 submission(s) and 30 comment(s).
Processed 12 submission(s) and 33 comment(s).
Processed 13 submission(s) and 33 comment(s).
Processed 14 submission(s) and 34 comment(s).
Processed 15 submission(s) and 37 comment(s).
Processed 16 submission(s) and 38 comment(s).
Processed 17 submission(s) and 38 comment(s).
Processed 18 submission(s) and 38 comment(s).
Processed 19 submission(s) and 41 comment(s).
Processed 20 submission(s) and 42 comment(s).
Processed 21 submission(s) and 42 comment(s).
Processed 22 submission(s) and 44 comment(s).
Processed 23 submission(s) and 50 comment(s).
Processed 24 submission(s) and 52 comment(s).
Processed 25 submission(s) and 62 comment(s).
Processed 26 submission(s) and 63 comment(s).
Processed 27 submission(s) and 64 comment(s).
Processed 28 submission(s) and 65 comment(s).
Processed 29 submission(s) and 65 comment(s).
Processed 30 submission(s) and 69 comment(s).
Processed 31 submission(s) and 70 comment(s).
Processed 32 submission(s) and 70 comment(s).
Processed 33 submission(s) and 75 comment(s).
Processed 34 submission(s) and 77 comment(s).
Processed 35 submission(s) and 108 comment(s).
Successfully connected to Reddit.
Successfully connected to database.
Processing /u/J-DawgDBZ...
