evhry6v
evf2659
eveuizz
eveewum
evdx7h7
evdv66i
ev16on0
euvgt3c
eueq25q
eu9smq7
eu75qul
eu6f6o9
eu46ps7
eu40w9i
eu1w2a0
ett2hwr
ets74zq
etpiodd
etn1dkp
etid046
eth6van
et8p1ih
eskf37b
eskehpp
esgtkzx
esgbo7w
eseye4n
esex5hl
eseks5c
ese2cbs
esdpiy6
erpqbs5
ernmjyg
ermwy8r
ermvthw
erlxaqb
erltu4p
erjumvt
erdk7fc
erdilda
erbyzd8
erbwh8t
erbm16q
er70253
eqn4jlp
eqkr7ld
eqhnq81
eq9z6ax
epus28j
eptchj0
eprxcn0
epq1bxn
eppjr76
eppg87p
epghzyc
epfz1dn
epfyqea
epdpxo2
epdmzwi
epa0k2z
ep4tul6
eoxpypn
eouasvh
eoewgo0
eoel99j
eoecfsi
eo7jalu
eo3tpb9
eo37o29
eo34ry7
eo2xoo6
env7p62
eng4e6i
encelu7
encdfg4
en2ilvv
emt8xz8
emstx65
emniz83
emling6
em7dqow
em2elml
elx3c4w
elmzm10
el8o0gh
eksx96j
ekoevl4
ekl8jf4
ekjbc14
ek8jouz
ek7u3ff
ek7tdtw
ejslcsa
ejek59l
ej6u7rq
ej6ts3x
ej6stpa
ej3v0hg
eiuvhqo
eiu3e87
cep1a8
cdch5t
c78dh2
bvkzqf
9yqdgf
8ygek9
8x6wf6
8wqnsn
8wpjm5
8lq33i
898mej
88o3i5
7v9lyn
7uqe1j
7uqdm5
7p69x4
7hiabt
7hgqs5
7d7gad
7d381m
7d2cgh
79u7cj
76uwvr
765bvg
7508f1
70lrpp
6uo61c
6me62o
6ixmxg
6i5toy
6htfsu
6htfj0
6glegw
6fyo9c
6fqptx
6fdvzz
6etn8y
6dgia6
6caskm
6c8dcv
6c3tlm
6btzul
6bplll
6bgw7r
6aaq4f
6a6gs7
6a34ck
699de0
67t3r4
67nv9b
67h6py
62xn93
62s6zp
62pnz4
62pl1f
62dk40
626ujl
61qo6d
5zp6wi
5z28z8
5yiuv9
5wg2d7
5w3yg3
5upp89
5u5rnq
5qid3d
5q7c6y
5q20mt
5omcrb
5isnxo
5aazvg
56xahx
55ywds
54pevn
4yhj7m
4w4pgw
4v03c7
4lpbd5
4lj2vc
4kfy22
4hn5d2
49hg94
40leea
3x2qgp
3pwe1l
3hbmnp
35dohz
2pdefj
2a4n99
22ui8e
cu5xd0k
cujmbkt
cw9ypma
d64m557
d649xre
d63xcw9
d63xndf
d64z4z0
d644be5
d647yua
d64w2sw
d650906
d6q9gwn
d6p0tys
d6nwcb0
d6q9so8
d6ns410
dcn6ilp
dcn1jon
dclgf9a
dcma9s6
dcmaplq
dclfxhn
dclbebl
dclav6k
dclauxy
dcla7mh
dcl97z7
dcl6vaj
dcl6979
dcl5biq
dcl4xbo
dcl2plw
dcl2coi
dcl1iu4
dcle0ko
dcleo6h
dcliji0
dckwakd
dckwa0g
dckvrvg
dckukrb
dcksvwf
dckgr4v
dckeizn
dckwq2h
dckxnfz
dcl114z
dcl5iw4
dcldcd6
dcl5tcn
dckwv4j
dckhkcy
dcma523
dclbuj9
dckosky
dckmrvs
dckoiq4
dckxo61
dcl64xy
dcltinq
dcl12cc
dcltmkc
dclzi7g
dclztfa
dckeeui
dckq4r1
dcljf8d
dcljn25
dclk3cy
dcllbpg
dckvixh
dcldvp2
dckg3ho
dckxmrp
dcl3zwo
dcl69is
dclacp8
dclto97
dckhb4r
dclqi60
dclujy1
dcl0rt4
dclxo48
dckevcu
dcljc4x
dckm8fx
dclx1mh
dckv4fp
dcl1tmf
dcl1zsf
dcl279o
dcn4m0h
dcl2bm1
dcl5dta
dcl3ntt
dclx53x
dcl6k0a
dcldu6h
dclficy
dckw6nd
dclgj94
dcvrcpt
dcvqx9d
dcvquaa
ddsqooi
ddsycof
ddrqdtv
ddrps9e
ddrkilk
ddrmee2
ddrldgc
ddrqn7c
ddt1x1o
ddrqiqf
ddsmep1
ddrvoip
ddrqmkd
ddrqv9g
ddrrf1y
ddroi9b
ddvvmi8
ddvvmaw
ddvvm2p
de82xsv
de82135
de7aamc
de7a561
de730g9
de7ydw4
de7cm63
de7jif3
de7a3mb
de7hzty
de74l90
de81sfc
dhplvuj
dn4k80c
dmj2umg
dl7u3jc
dl7u46z
dl7u423
dltmi9m
dkt0ubq
dkt206c
dk8szj0
dj3stgt
dj3svtn
diy2tuk
dikn86i
dikn8n7
dikn81t
dm6ev2n
dlu7dhq
dlu7yx4
dj0ye5g
dj10k4v
dj0zje4
dj1jidw
dj0ye93
dj1nt23
dj10jx6
dj1cdl8
dj1slkc
dj1xdis
dj1y3zu
dj1yw9z
dj14df9
do2jo42
do2sq6i
dom3qvv
doboy6o
doc3otu
dobx6uo
docpc0w
docglte
dobl6kw
dobmh9i
dobx41a
dodxxbm
dodzan1
doctxza
docnmnm
dobvunv
doclrzg
doc8ya2
dopql9l
docijn1
docdkd5
dodd6ew
doc7v3c
doc1ft7
doc7afm
doc7cyh
dobg6q4
docd3ih
doc8s4c
doby57e
dobeuoz
dobhide
dobj20i
dobpsrb
doc5h3i
docck5w
dobz8o0
dobupny
doc037a
doch9wy
dockhsj
dockvag
dobljzr
dobp1w5
dobs0vt
dobtyht
dobz6ap
doc7lw1
docvtwp
dobpjhj
dobhegt
dod1v34
dobml9k
doc3mtu
doc4mtd
doc3o3k
docnjgs
docqpla
doc0x7y
dobdnao
dobu02c
dobzfxs
dobu3pu
dobufzf
dobxls8
dobusn5
dobwl57
dobxzmz
dobxvnt
dobx2v0
dobxyef
doc3i2t
doce33x
docie0j
docmphy
docpetp
dobxvsa
docwi10
dod3ud7
doc7bi2
doby1aq
docjj0l
doby6g0
doc4efm
dockz90
doccc0n
dobzx50
doc0dn2
doc0e23
dod1q1s
dobyeyj
dobzebf
doc3o7e
dobzj4b
dpwc5i7
dpwde7j
dpvziyd
dpvsur4
dpwd3fm
dpwfr0r
dpvlnkh
dpw7ep1
dpvophp
dpvoswx
dpvp24l
dpvp0bp
dpvp83j
dpvu9vn
dpvzhzt
dtu482v
dtul0ne
dtv6im7
dtv6o76
dtt2nol
dtr9ryh
dtr9wpy
dtr6a4v
dtr7r45
dtqmkq9
dtqn32z
dtqximt
dtreac3
dtrftxn
dtu5u30
e2bx50s
e2ckg4z
e2cx5zm
eseiyj5
eseks5c
esel1dh
esdpiy6
esdtgp3
ett2hwr
ett2hx6
ett273q
ett26kt
eivlt8j
eixyrqc
eiv9j1q
eiv4rbp
eiv0q9j
eiue7f6
eiu7atn
eiu5s5m
eitxigd
eiu2oog
eiun2g0
eivcjnv
eitz3vb
eiwocsd
eiwp2o6
eiwp962
eiut0e5
eiw3ndd
eiu3hf6
eiu354v
eiuad5m
eiv38q0
eivgtli
eiucg3o
eiuczq2
eiu34gc
eiu3e87
eiu2eh9
eiudzgr
eiuf085
eiu2maj
eiu2mpp
eiu3co3
eiuev7u
eiv0nn2
eiu3ikr
ej4o327
ej3v0hg
ej3z6jl
ej458yo
ejerjtf
ejfdgz5
ejifpxh
ejempp4
ejf336x
ejek3ko
ejf34en
ejeip4h
eje9wql
ejefrsu
ejek59l
ejfdroz
ejfnqdw
ejsixtp
ejsj0t8
ejsj649
ejsj956
ejsjv3y
ejsjwz7
ejsl7oi
ejslerf
ejslwsx
ejsm518
ejt9swd
ejsj7g7
ejskze9
ejt4v3o
eju20l6
eju9s5r
ejuaj6v
ejualpy
ejuaq2o
ejspemf
ejspfk9
ejt5pxh
ejspmxv
ejsq5xa
ejt836x
ejslcsa
ejsl66j
ejskkqi
ejskt72
ek7orq7
ek7tsd2
ek8kjw7
ek7qjha
ek7qt8m
ek8kmy6
ek8tv9w
ek96nnt
ek7q9nz
ek7p84g
ek7q1fn
ek7ng6u
ek7lh7f
ek7hd0g
ek7eiaq
ek8kj0m
ek829k0
ek81vau
ek813wf
ek7y420
ek7xomv
ek7xbo6
ek7w9ju
ek7vhjr
ek7ufc4
ek7tkms
ek7tj9n
ek7tark
ek7t74i
ek7t203
ek7t3xp
ek7sbmu
ek7sb9n
ek7n2ws
ek7lvx2
ek77unh
ek7s8p8
ek7tw2m
ek80km6
ek7mvi3
ek7dsn6
ek7n6r1
ek7ds17
ek7ds7b
ek7m8xj
ek7tdtw
ek7ui8x
ek7bgyc
ek7uk3j
ek7if16
ek7m1m8
ek7whzh
ek7o2w0
ek7nac8
ek7qzj7
ek7angf
ek7i4y3
ek7uf0t
ek766i6
ek6lik7
ek7dcqw
ek7jxrh
ek7790q
ek78r43
ek7dsxs
ek7jb0n
ek7cw2e
ek7gacy
ek76bbp
ek7fasx
ek7bbj0
ek7d9bh
ek7jz3l
ek71t6g
ek7cqco
ek7kncv
ek7rb9i
ek7fukw
ek7hph3
ek7i4u7
ek7n8pe
ek7jur0
ek7ovdm
ek7vc5e
ek7x921
ek75jxi
ek7m21t
ek7qpf9
ek6n3ad
ek6oday
ek7qvd7
ek7p2cs
ek6q1nm
ek79rlm
ek7p3a3
ek7wk29
ek7zxil
ek7xy7e
ek7rzzr
ek7supw
ek7znp7
ek7ql0n
ek7vumx
ek7pqkx
ek7rvtg
ek7pu1k
ek7qbxy
ek7pbq0
ek82kqk
ek7xe9q
ek89sv0
ek7yrme
ek7z57b
ek82in2
ek87dwr
ek92zfu
eka4h1a
ek9k9d0
ek80opf
ek7cbcg
ek7no7u
ek7zfse
ek80a0g
ek7oey4
ek7ojdb
ek7vlzk
ek7op9l
ek7ov5g
ek7qsyb
ek7sxbs
ek7xumf
ek7m5he
ek7wl9k
ek7qlu4
ek7lss4
ek7gkij
ek8giyb
ek7u3ff
ek7pq50
ek7iecj
ek8jouz
ek7u1wh
ek7pz45
ek7qh08
ekjbc14
ekkk4uo
ekl4ntw
ekkulyd
ekldk5b
ekkgsqj
ekle8da
ekkjtdt
el02nwp
el02utb
ektb7hb
ektc7r0
eksv0al
ekt5008
eksnxy4
ekss6qv
eksnmaf
ekss7h8
eko7dqe
ekox8hm
ekmvccw
ekmogc8
ekm71x7
ekm43dp
ekm0xv1
eklz1v4
eklodzz
ekmaapy
ekli05z
ekmad4g
eklhzso
ekmadc9
eklg1ss
ekmadsl
ekle5ut
ekmafia
eklbl7d
ekmah59
eko5myh
ekox7zi
ekl9gr9
ekmajdn
ekl9dmx
ekmaki8
ekl92xk
ekmakx0
ekl8mnt
ekmal8d
ekl7a0g
ekmalob
ekl694f
ekmamdz
ekl54gq
ekmamsa
ekl505z
ekl2thj
ekl2157
eklecet
ekl0zbo
ekkz1v5
ekmar5y
ekkwyfb
ekmats6
ekkwmr5
ekmav16
ekkwhfh
ekkw6in
ekkvvyb
ekkvrp8
ekmb1cv
ekkv2sv
ekkt9u4
ekmb9zx
ekksfwi
ekmb7kj
ekks5h7
ekmb63z
ekkrd6e
ekmax50
ekkqf6z
ekkohjs
ekknaor
ekkmwwb
ekkj0hq
ekknohi
ekkztve
ekkj0ci
ekmao89
ekkiozh
ekkhiyd
ekkupwo
ekkf3av
ekk1oqi
ekk69kn
ekjz8tf
ekksnhr
ekk2tpj
ekk3fny
ekk44ql
ekjzmvc
ekjzq63
el00rff
el01izb
eklnqxm
ekmac1q
eklismo
ekmachf
ekldj6w
ekmafvf
ekkxhzh
eklzqy2
ekkxfay
ekmasxi
eklek4v
ekkriap
eklzngb
ekkwqh6
ekknqvy
ekmawl7
ekk7d8i
ekk7i6v
ekk2raq
ekk6a1u
ekk3zga
ekk6kvp
ekjtusu
ekjusmh
ekle7qk
ekmaex1
eklbq1h
ekmagqr
eklb8zs
ekmaizz
ekl04ij
ekmaqnb
ekkwlne
ekktksg
ekmbao5
ekk3e2q
ekk6dig
ekk373o
ekk6bd4
ekjwe5u
ekjwvj0
ekky207
eklzglv
ekmas33
ekk2v5u
ekkips8
ekjwdqu
ekkm3op
ekkrzgo
ekkekk6
ekk6zdk
ekjxfpk
ekkhp14
ekkl1pl
ekjzic6
ekjnzsx
ekl9u18
ekksi1l
ekkzc80
eklz9oh
ekmvsgv
eklgnzo
ekl9vuh
ekjsw1m
ekjugqt
ekks8ls
ekle0il
ekjumjf
ekjv6om
ekjviiv
ekjuizp
ekmdz9h
ekllh3f
eklgk67
ekl7f89
ekl9r84
ekladiz
eklc8yr
eknn7tp
eklldhl
eklm9kb
ekjupdq
ekkvgtr
ekjv01s
ekl4ve2
ekl15ju
ekk4tvl
ekkg99s
ekkjvj2
ekogxic
eklqtwc
eklqv9a
eklqwpk
ekl9jdh
ekkw1ce
ekkumz4
ekkvb43
ekkwr3x
ekky6as
ekky9e2
ekkluge
ekknguy
ekkw2da
ekkw5aw
ekklvpg
ekknix9
ekko7bn
eklx1v2
ekmd05w
ekl1cmv
ekmdm8t
ekmdr8l
ekmfll5
ekkgg2o
ekkj3b4
ekkj93q
ekkzv3z
ekkvzu7
ekkw4mn
ekkxjj7
ekkl7h9
ekkzhm6
ekl0678
ekkzo1l
ekkk17h
ekl1gp8
ekl1i3m
ekl8jf4
ekl91a7
ekkq17s
ekk9s0u
ekkmb5l
eksvgij
ekseo8o
ekta8i3
eksu0zy
eksu4ms
ekscojj
ekscp33
eksobla
ektx41u
eku5mia
eksragg
ekt61jv
ekt8xhe
ektuf3a
ektejtp
eksquid
eksnvp6
ekst65l
ekswcv5
eksx074
eksxtce
eksx96j
eksx4b0
ekswxsc
eksj14g
eksv1k7
ekt1oe3
ekt7kgr
ektu629
eksv2z0
eksr50o
ekta6re
eksvgj1
eksv9l3
eksvaof
eksvem0
eksvpba
eksx93o
ektokjy
ekskw86
eksjyn8
eksk0e2
ekt1vbf
ekscd7r
ektffko
eksrxno
ekss1l2
ekt0m57
ekt0qug
ekt454n
eku5f4i
eku5mfv
eku5qrj
eku60v3
ekw4amt
eksgjee
eksjecl
ekskvpc
ekslpqx
ekslw1a
eksuj1x
eksz3dr
ekt8977
ektra6y
ekta05f
ekuehtf
ekslzea
eksoneb
eksqf5u
eksw95u
ektb6al
eksxcbm
eksz6dh
eksy8t5
ekszm5s
el95jxj
elb16qy
elbchwh
elbrmxx
elbwx20
el97pu9
el9kr5t
el8xt5b
el8qdgc
el8b6ac
el8cisp
el8ckyw
el8dvjz
el8do7w
el8la6k
el8uaau
el8fi3a
el8x1ia
el914ei
el9kmuq
el8rqz7
el8yubg
el918ae
elcwbiz
eleps78
el9zdpz
el96p56
el9l35x
elao8pb
elcbme0
elb8b7x
elb27mb
elbcjjs
elbgcf6
elafwoo
elaccyq
el8z1cs
el919s8
el93dv6
el8f4o1
el8hkn4
el8ix9u
el8u9i2
enwug2k
enwyd3c
elcbjai
elcto83
el8xw6u
el8o0gh
el9mqcd
el8ucdc
el8bdwy
elc9965
el8ckc1
ela8e2c
el8acu3
el8oylb
el8aygw
eldpf9g
elds86e
elb75sg
eldg4o5
el8s8dk
elm02dr
elm1psp
ellynl3
elnvdge
elnyclm
ellupas
ellv4uh
ellverd
ellv1ha
elm16fb
elmy2mo
eln0r0s
ellva5q
ellug5u
ellv25r
ellvu0i
elmcsfj
ellyojs
elm090v
elmxf6b
elm2yu0
elmr2ow
ellxeq8
ellxkgq
elluzp2
ellv8w2
ellvoum
elluw75
ellz71l
ellz4vt
elm0rz1
elm0thw
ellwryh
elm4yzn
elmkn1k
elp3b6v
ellu88d
eln4lvs
elng1bh
elnhh48
ellv5u1
ellxciu
ellvsli
elrl33a
evro46n
evp94o3
evoap6f
evoabln
evkcnkr
evjpyjq
evjl1p9
evj9my4
evio4mb
evi8gcv
evi7sp2
evfz6ho
evfyqr0
evfy6wj
evfvv75
evfvl96
evfujyp
evftvje
evft975
evfseap
evfs56w
evfq6z7
eveycbh
eves86k
eves15c
eveghw8
evca3em
evbp9m7
evbl1k5
evbe5df
evbdl03
evak9tt
evak47g
evad00c
evacovb
evabzzi
evabolh
evabhfh
evaa4ul
ev9cgnb
ev95qhz
ev95dgk
ev95cv5
ev93tf4
ev93sij
ev8nwks
ev8j7x1
ev8enqs
ev5kd1p
ev4x9k7
ev3atpn
ev0j14t
euzvjy2
euzjpz2
euwjku0
euwde0k
euwd6gj
euwckle
euwbrdk
euwavpl
euwadra
euw9wvi
euw7962
euw15nk
euvrjur
euvppst
euvbubr
eutzn6v
eut5arr
euqx7fm
euqwcif
euq5i05
euq2zgf
euq1xi5
euq1p7z
eupt1f0
eupk9bq
eupfeuk
euo9v4g
eugjxhv
eufd57d
eufc4l5
eufb64c
eufazjy
eufak9r
euf8vn6
euf4t04
eudoqd9
euddc39
eud678b
eud5hkc
eucmwax
euag60w
euaejr1
euadpbj
euabwgd
euabvhz
eu9rjma
eu9pszk
eu9pkba
7b5yu1
9rrtsn
982897
95lsth
923juu
8997c9
880ghu
7obc4k
7krt10
7j09ca
7dcpnl
79fn5t
6uoyvj
6tmdvw
6rl3oy
6irtnr
6ie55h
6h0krt
67fym5
62rw97
618jkv
618ix1
610peq
60uvx3
5zjmcb
5yx8tg
5b9grv
548w0t
53z6rx
526k7w
4sa9x2
41naxa
3otr7c
3ljws1
3l57zf
3kwaf2
3kwab8
3kw68b
3iy0f0
3ikgau
3gz0ha
3gb48n
3eqpaf
3ef86j
3e6o9s
3e1mxt
ctapcxy
ctaqpi3
ctann0v
ctanijf
ctann25
cted88c
ctedbpt
ctedftu
ctedcay
ctede5h
ctecxju
cvco573
cuh7fxj
cuh7g7d
cuh7gft
cuh7gsn
cuh7h5b
cuh7h80
cuh7hd2
cuh7hfs
cuh7hij
cuh7hk2
cuh7hm8
cuh7hoo
cuh7hry
cv3buey
cv3buhf
cv3bntn
cv106yo
cv10ed0
cwa961k
cvnlino
cwa953w
d57s8ij
d7hqdp4
d7hqiih
d7hq2b2
d809nec
dez4nok
deykbpz
df0cowm
dfasfj0
dj8rw9g
dj8el92
dfos1xt
dfortv7
dfp9kbj
dfpqeff
dfpuimg
dforu7z
diun76p
diun99z
djc3a8i
dj5qwtp
dj5gylm
dj5z5bi
dj5gzeu
dj6cec7
dj5ifnk
dj5igqc
dj5iqqx
dj5j5h0
dllqgv1
dlvmw6a
dp1orpt
dwh2icy
dwh68qf
dwgverh
dwgvf1c
dwppl3o
e40d293
e40djdo
e4097ph
e409kgr
e3tlopf
e8j7rmi
e8j7sk0
eu8id7m
eu914x7
eu97gzw
eu8n683
eu8w4xc
euai4nr
eu8k4ka
eu8v1lj
eu8vo3p
eu8w4hg
eu8w5uw
eu94stq
eu9a3ln
eu9ivs5
eu9nup8
eu9pkba
eua38ug
eu8ozh5
eu8ib12
eu8ibtv
eu8icyd
eu8iewo
eu8ihpp
eu8iehx
eu8ihi7
eu8ijp4
eu8in7v
eu8isle
eu8irsa
eu8iui8
eu8ivli
eu8r50v
eu8rmgg
eu90xsl
eu92s8x
euc9v6r
eu8iooe
eu8tmzo
eu8kkid
eu8jrbo
eu8jpkg
eudlm64
eua4edq
eu9kfpi
eu9g4ym
eu99npo
eu97s02
eu96ro9
eu95wxl
eu94g9e
eu94ewc
eu94eq3
eu94532
eu93yjg
eu93wp1
eu93vay
eu93v9i
eu93ppr
eu93nz8
eu93n33
eu93m6j
eu93rez
eu944yh
eu94cbk
eu94xpv
eu956rn
eua70rv
eu93k5a
eu93jwl
eu93g05
eu93e1d
eu93d57
eu93co4
eu93a2c
eu939i8
eu9365t
eu935lw
eu934jw
eu9303f
eu92rdu
eu92qtf
eu92mc2
eu92kqe
eu92jt7
eu92jsc
eu92ikm
eu92gns
eu92fpm
eu92dap
eu928tu
eu928os
eu928ha
eu91wlg
eu91lah
eu915gy
eu90yia
eu90v02
eu90tpi
eu90q9y
eu90p90
eu90nm0
eu90ljz
eu90kg6
eu90k0m
eu90jbx
eu90j3p
eu90h4q
eu90fef
eu90e5l
eu90cjj
eu908pl
eu902aw
eu9022c
eu8zzqv
eu8zxvk
eu8zwrn
eu8zwd0
eu8zv1u
eu8ztij
eu8zrlp
eu8ziul
eu8zz6a
eu90878
eu8zhrv
eu8zelm
eu8z9rv
eu8z95t
eu8z8ng
eu8z4td
eu8z6si
eu8z42t
eu8z3rp
eu8z1k4
eu8z02d
eu8yux4
eu8yndf
eu8ymvn
eu8yiu2
eu8yh6t
eu8ybql
eu8yajm
eu8y0yg
eu8xiez
eu8xh8z
eu8xcb9
eu8x6bg
eu8wwi0
eu8woy5
eu8wo7b
eu8wno0
eu8wknx
eu8whbk
eu8w0w9
eu8vzgq
eu8vy3i
eu8vy2v
eu8vud0
eu8ves4
eu8vba5
eu8v715
eu8v0o0
eu8uyjc
eu8u8wx
eu8u63l
eu8txhm
eu8slfp
eu8rkzq
eu8qlpv
eu8q48t
eu8pyk7
eu8oaty
eu8mmmc
eu8k7wl
eu8g3t3
eu8ishl
eu8nd4w
eu982mb
eu8jiu0
eu8k32h
eu983rn
eu8mm0g
eu985rr
eu8lmef
eu8kwib
eu8kmyr
eu8rb37
eu8kjes
eu8qm06
eu93tod
eu93skb
eu93raa
eu93mke
eu93l5o
eu93is8
eu93by1
eu93870
eu936f2
eu92v89
eu92oh3
eu92moh
eu92l0o
eu92hfu
eu9297x
eu91zey
eu91pca
eu91kmy
eu91k7e
eu91dvf
eu90yfe
eu911we
eu90679
eu8z73y
eu8yo6z
eu8y01l
eu8wbsn
eu8vs1t
eu8ust3
eu8tdyf
eu8tie4
eu92as9
eu94m7a
eu94jgc
eu93vxo
eu93a4r
eu929b4
eu9203x
eu91s7k
eu9333o
eu91f83
eu9118a
eu91wrb
eu8xv64
eu8qhzq
eu8jykl
eu8gg9h
eu8lqce
eu91xvn
eu91buz
eu8six1
eu91zfy
eu8yvmg
eu92ypx
eu8uxtn
eu8wtcs
eu8xsca
eu8vvia
eu8wepy
eu95t49
eu8wp3t
eu90cfy
eu8zg66
eu8z75p
eu8tz86
eu9374c
eu8vzmn
eu8ww8k
eu91glm
eu8xmw3
eu929it
eu906kh
eu8xzcr
eu8qo92
eg0t5mr
eg0t0ww
efyunsd
efy6az7
efovvtx
ef8eg66
eev1nxp
edrr2p8
ecs86mo
eco0zo6
ecmfe5b
ecltq9i
ecl5jrk
ecd6orx
eccp2ph
ecckfoz
ec836lg
ec825wg
ec4nx71
ebx1m4v
ebsa8lu
eb3xwh0
eb37gu7
eb34ljw
eb338c1
eb1qtx4
eb1q452
eaqnret
eakvwcd
ea5v1kr
e8cy0h9
e8b8ab1
e80607c
e7qejm5
e6uuwgr
e66sll6
e64pm08
e5p0t45
e5h8p2t
e5h8cvv
e5gwpa5
e5glpva
e5glaan
e5gjv5k
e21fsbz
dwzplio
dwyxrij
dwyvdsr
dwytx6z
dv2o3qm
dv2ezjy
dsqlfkw
dnano4z
dnahimx
dnah60g
dn6px81
dn2ch15
dn2boi6
dn2823y
dn10f9y
dmq0a5x
dmpy77z
dmahyf4
dm9pgl7
dm9oizg
dm9nll7
dlml2nm
dlj0354
dligg3n
dldcq2p
dldco8s
dldcnny
dlcyfjw
dlachp9
dlabu6y
dl653vx
dl646vk
dl3m7ix
dl3m720
dl3bqfl
dkyjrdr
dkyjc6n
dks1itl
dkr4bbu
dkqrc9r
dkjzzep
dkhtvuv
dkg8yda
dkfux4s
dkfae0y
dkfa5vk
dkf90ut
dkf8oup
dkf8hnp
dkf6pgr
dkf6bt4
dke91ve
dke65kd
dkcz9lo
dkccpfa
